[29/08/2016 11:19:56.361] [INFO] {Model.TerminalWrapper.printScreenContent() 155} [main] - [
                                                              Terminal: T6226555
         /////////                /////////////               Hora....: 11:19:55
        ///    ///                    ///                     Data....: 29/08/16
       ///    ///                    ///                  ***       ***         
      /////////      /////////      ///                 ****      ****          
     ///    ///     ///    //      ///               ******     *****           
    ///    ///     ///            ///                 ****   **  ***            
   /////////      ///            ///                 ****  *********            
                                                    ****      ****              
                                                   ****      ****               
                                                  ****      ****                
          ACESSO AS APLICACOES ON LINE                                          
                                                                                
          Identifique-se fornecendo:                                            
                                                                                
         1. Matricula...........(          ) (LOGOFF para sair)                 
         2. Senha...............(          )                                    
         3. Codigo da aplicacao.(          ) (Opcional)                         
                                                                                
 Atencao: Em caso de problemas chame  0800-282-0031  (Service Desk).            
          Qualquer duvida, por favor, entre em contato.                         
 PF1=HELP                                                                       
                                                                                
                                                                                

]
[29/08/2016 11:19:56.408] [INFO] {Model.TerminalWrapper.printScreenContent() 155} [main] - [
                                                              Terminal: T6226555
         /////////                /////////////               Hora....: 11:19:55
        ///    ///                    ///                     Data....: 29/08/16
       ///    ///                    ///                  ***       ***         
      /////////      /////////      ///                 ****      ****          
     ///    ///     ///    //      ///               ******     *****           
    ///    ///     ///            ///                 ****   **  ***            
   /////////      ///            ///                 ****  *********            
                                                    ****      ****              
                                                   ****      ****               
                                                  ****      ****                
          ACESSO AS APLICACOES ON LINE                                          
                                                                                
          Identifique-se fornecendo:                                            
                                                                                
         1. Matricula...........( TR580524 ) (LOGOFF para sair)                 
         2. Senha...............(          )                                    
         3. Codigo da aplicacao.(          ) (Opcional)                         
                                                                                
 Atencao: Em caso de problemas chame  0800-282-0031  (Service Desk).            
          Qualquer duvida, por favor, entre em contato.                         
 PF1=HELP                                                                       
                                                                                
                                                                                

]
[29/08/2016 11:20:11.015] [INFO] {Model.TerminalWrapper.printScreenContent() 155} [main] - [
                                                              Terminal: T6226555
         /////////                /////////////               Hora....: 11:19:55
        ///    ///                    ///                     Data....: 29/08/16
       ///    ///                    ///                  ***       ***         
      /////////      /////////      ///                 ****      ****          
     ///    ///     ///    //      ///               ******     *****           
    ///    ///     ///            ///                 ****   **  ***            
   /////////      ///            ///                 ****  *********            
                                                    ****      ****              
                                                   ****      ****               
                                                  ****      ****                
          ACESSO AS APLICACOES ON LINE                                          
                                                                                
          Identifique-se fornecendo:                                            
                                                                                
         1. Matricula...........( TR580524 ) (LOGOFF para sair)                 
         2. Senha...............(          )                                    
         3. Codigo da aplicacao.(          ) (Opcional)                         
                                                                                
 Atencao: Em caso de problemas chame  0800-282-0031  (Service Desk).            
          Qualquer duvida, por favor, entre em contato.                         
 PF1=HELP                                                                       
                                                                                
                                                                                

]
[29/08/2016 11:20:11.015] [INFO] {Model.TerminalWrapper.printScreenContent() 155} [main] - [
                                                              Terminal: T6226555
         /////////                /////////////               Hora....: 11:19:55
        ///    ///                    ///                     Data....: 29/08/16
       ///    ///                    ///                  ***       ***         
      /////////      /////////      ///                 ****      ****          
     ///    ///     ///    //      ///               ******     *****           
    ///    ///     ///            ///                 ****   **  ***            
   /////////      ///            ///                 ****  *********            
                                                    ****      ****              
                                                   ****      ****               
                                                  ****      ****                
          ACESSO AS APLICACOES ON LINE                                          
                                                                                
          Identifique-se fornecendo:                                            
                                                                                
         1. Matricula...........( TR580524 ) (LOGOFF para sair)                 
         2. Senha...............(          )                                    
         3. Codigo da aplicacao.(          ) (Opcional)                         
                                                                                
 Atencao: Em caso de problemas chame  0800-282-0031  (Service Desk).            
          Qualquer duvida, por favor, entre em contato.                         
 PF1=HELP                                                                       
                                                                                
                                                                                

]
