[29/08/2016 11:20:27.443] [INFO] {Model.TerminalWrapper.printScreenContent() 155} [main] - [
                                                              Terminal: T6226559
         /////////                /////////////               Hora....: 11:20:26
        ///    ///                    ///                     Data....: 29/08/16
       ///    ///                    ///                  ***       ***         
      /////////      /////////      ///                 ****      ****          
     ///    ///     ///    //      ///               ******     *****           
    ///    ///     ///            ///                 ****   **  ***            
   /////////      ///            ///                 ****  *********            
                                                    ****      ****              
                                                   ****      ****               
                                                  ****      ****                
          ACESSO AS APLICACOES ON LINE                                          
                                                                                
          Identifique-se fornecendo:                                            
                                                                                
         1. Matricula...........(          ) (LOGOFF para sair)                 
         2. Senha...............(          )                                    
         3. Codigo da aplicacao.(          ) (Opcional)                         
                                                                                
 Atencao: Em caso de problemas chame  0800-282-0031  (Service Desk).            
          Qualquer duvida, por favor, entre em contato.                         
 PF1=HELP                                                                       
                                                                                
                                                                                

]
[29/08/2016 11:20:27.505] [INFO] {Model.TerminalWrapper.printScreenContent() 155} [main] - [
                                                              Terminal: T6226559
         /////////                /////////////               Hora....: 11:20:26
        ///    ///                    ///                     Data....: 29/08/16
       ///    ///                    ///                  ***       ***         
      /////////      /////////      ///                 ****      ****          
     ///    ///     ///    //      ///               ******     *****           
    ///    ///     ///            ///                 ****   **  ***            
   /////////      ///            ///                 ****  *********            
                                                    ****      ****              
                                                   ****      ****               
                                                  ****      ****                
          ACESSO AS APLICACOES ON LINE                                          
                                                                                
          Identifique-se fornecendo:                                            
                                                                                
         1. Matricula...........( TR580524 ) (LOGOFF para sair)                 
         2. Senha...............(          )                                    
         3. Codigo da aplicacao.(          ) (Opcional)                         
                                                                                
 Atencao: Em caso de problemas chame  0800-282-0031  (Service Desk).            
          Qualquer duvida, por favor, entre em contato.                         
 PF1=HELP                                                                       
                                                                                
                                                                                

]
[29/08/2016 11:20:27.911] [INFO] {Model.TerminalWrapper.printScreenContent() 155} [main] - [
                                                              Terminal: T6226559
         /////////                /////////////               Hora....: 11:20:26
        ///    ///                    ///                     Data....: 29/08/16
       ///    ///                    ///                  ***       ***         
      /////////      /////////      ///                 ****      ****          
     ///    ///     ///    //      ///               ******     *****           
    ///    ///     ///            ///                 ****   **  ***            
   /////////      ///            ///                 ****  *********            
                                                    ****      ****              
                                                   ****      ****               
                                                  ****      ****                
          ACESSO AS APLICACOES ON LINE                                          
                                                                                
          Identifique-se fornecendo:                                            
                                                                                
         1. Matricula...........( TR580524 ) (LOGOFF para sair)                 
         2. Senha...............(          )                                    
         3. Codigo da aplicacao.(          ) (Opcional)                         
                                                                                
 Atencao: Em caso de problemas chame  0800-282-0031  (Service Desk).            
          Qualquer duvida, por favor, entre em contato.                         
 PF1=HELP                                                                       
 EMS1073E It is not possible to log on at this terminal in this group at the    
 moment; try again. RC=03.                                                      

]
[29/08/2016 11:20:27.911] [INFO] {Model.TerminalWrapper.printScreenContent() 155} [main] - [
                                                              Terminal: T6226559
         /////////                /////////////               Hora....: 11:20:26
        ///    ///                    ///                     Data....: 29/08/16
       ///    ///                    ///                  ***       ***         
      /////////      /////////      ///                 ****      ****          
     ///    ///     ///    //      ///               ******     *****           
    ///    ///     ///            ///                 ****   **  ***            
   /////////      ///            ///                 ****  *********            
                                                    ****      ****              
                                                   ****      ****               
                                                  ****      ****                
          ACESSO AS APLICACOES ON LINE                                          
                                                                                
          Identifique-se fornecendo:                                            
                                                                                
         1. Matricula...........( TR580524 ) (LOGOFF para sair)                 
         2. Senha...............(          )                                    
         3. Codigo da aplicacao.(          ) (Opcional)                         
                                                                                
 Atencao: Em caso de problemas chame  0800-282-0031  (Service Desk).            
          Qualquer duvida, por favor, entre em contato.                         
 PF1=HELP                                                                       
 EMS1073E It is not possible to log on at this terminal in this group at the    
 moment; try again. RC=03.                                                      

]
[29/08/2016 11:20:42.003] [INFO] {Model.TerminalWrapper.printScreenContent() 155} [main] - [
                                                              Terminal: T6226559
         /////////                /////////////               Hora....: 11:20:26
        ///    ///                    ///                     Data....: 29/08/16
       ///    ///                    ///                  ***       ***         
      /////////      /////////      ///                 ****      ****          
     ///    ///     ///    //      ///               ******     *****           
    ///    ///     ///            ///                 ****   **  ***            
   /////////      ///            ///                 ****  *********            
                                                    ****      ****              
                                                   ****      ****               
                                                  ****      ****                
          ACESSO AS APLICACOES ON LINE                                          
                                                                                
          Identifique-se fornecendo:                                            
                                                                                
         1. Matricula...........( TR580524 ) (LOGOFF para sair)                 
         2. Senha...............(          )                                    
         3. Codigo da aplicacao.(          ) (Opcional)                         
                                                                                
 Atencao: Em caso de problemas chame  0800-282-0031  (Service Desk).            
          Qualquer duvida, por favor, entre em contato.                         
 PF1=HELP                                                                       
 EMS1073E It is not possible to log on at this terminal in this group at the    
 moment; try again. RC=03.                                                      

]
[29/08/2016 11:20:57.007] [INFO] {Model.TerminalWrapper.printScreenContent() 155} [main] - [
                                                              Terminal: T6226559
         /////////                /////////////               Hora....: 11:20:26
        ///    ///                    ///                     Data....: 29/08/16
       ///    ///                    ///                  ***       ***         
      /////////      /////////      ///                 ****      ****          
     ///    ///     ///    //      ///               ******     *****           
    ///    ///     ///            ///                 ****   **  ***            
   /////////      ///            ///                 ****  *********            
                                                    ****      ****              
                                                   ****      ****               
                                                  ****      ****                
          ACESSO AS APLICACOES ON LINE                                          
                                                                                
          Identifique-se fornecendo:                                            
                                                                                
         1. Matricula...........( TR580524 ) (LOGOFF para sair)                 
         2. Senha...............(          )                                    
         3. Codigo da aplicacao.(          ) (Opcional)                         
                                                                                
 Atencao: Em caso de problemas chame  0800-282-0031  (Service Desk).            
          Qualquer duvida, por favor, entre em contato.                         
 PF1=HELP                                                                       
 EMS1073E It is not possible to log on at this terminal in this group at the    
 moment; try again. RC=03.                                                      

]
[29/08/2016 11:21:12.011] [INFO] {Model.TerminalWrapper.printScreenContent() 155} [main] - [
                                                              Terminal: T6226559
         /////////                /////////////               Hora....: 11:20:26
        ///    ///                    ///                     Data....: 29/08/16
       ///    ///                    ///                  ***       ***         
      /////////      /////////      ///                 ****      ****          
     ///    ///     ///    //      ///               ******     *****           
    ///    ///     ///            ///                 ****   **  ***            
   /////////      ///            ///                 ****  *********            
                                                    ****      ****              
                                                   ****      ****               
                                                  ****      ****                
          ACESSO AS APLICACOES ON LINE                                          
                                                                                
          Identifique-se fornecendo:                                            
                                                                                
         1. Matricula...........( TR580524 ) (LOGOFF para sair)                 
         2. Senha...............(          )                                    
         3. Codigo da aplicacao.(          ) (Opcional)                         
                                                                                
 Atencao: Em caso de problemas chame  0800-282-0031  (Service Desk).            
          Qualquer duvida, por favor, entre em contato.                         
 PF1=HELP                                                                       
 EMS1073E It is not possible to log on at this terminal in this group at the    
 moment; try again. RC=03.                                                      

]
[29/08/2016 11:21:12.042] [INFO] {Model.TerminalWrapper.printScreenContent() 155} [main] - [
                                                              Terminal: T6226559
         /////////                /////////////               Hora....: 11:20:26
        ///    ///                    ///                     Data....: 29/08/16
       ///    ///                    ///                  ***       ***         
      /////////      /////////      ///                 ****      ****          
     ///    ///     ///    //      ///               ******     *****           
    ///    ///     ///            ///                 ****   **  ***            
   /////////      ///            ///                 ****  *********            
                                                    ****      ****              
                                                   ****      ****               
                                                  ****      ****                
          ACESSO AS APLICACOES ON LINE                                          
                                                                                
          Identifique-se fornecendo:                                            
                                                                                
         1. Matricula...........( TR580524 ) (LOGOFF para sair)                 
         2. Senha...............(          )                                    
         3. Codigo da aplicacao.(          ) (Opcional)                         
                                                                                
 Atencao: Em caso de problemas chame  0800-282-0031  (Service Desk).            
          Qualquer duvida, por favor, entre em contato.                         
 PF1=HELP                                                                       
 EMS1073E It is not possible to log on at this terminal in this group at the    
 moment; try again. RC=03.                                                      

]
