[29/08/2016 11:07:43.019] [INFO] {Model.TerminalWrapper.printScreenContent() 155} [main] - [
                                                              Terminal: T6226436
         /////////                /////////////               Hora....: 11:07:41
        ///    ///                    ///                     Data....: 29/08/16
       ///    ///                    ///                  ***       ***         
      /////////      /////////      ///                 ****      ****          
     ///    ///     ///    //      ///               ******     *****           
    ///    ///     ///            ///                 ****   **  ***            
   /////////      ///            ///                 ****  *********            
                                                    ****      ****              
                                                   ****      ****               
                                                  ****      ****                
          ACESSO AS APLICACOES ON LINE                                          
                                                                                
          Identifique-se fornecendo:                                            
                                                                                
         1. Matricula...........(          ) (LOGOFF para sair)                 
         2. Senha...............(          )                                    
         3. Codigo da aplicacao.(          ) (Opcional)                         
                                                                                
 Atencao: Em caso de problemas chame  0800-282-0031  (Service Desk).            
          Qualquer duvida, por favor, entre em contato.                         
 PF1=HELP                                                                       
                                                                                
                                                                                

]
[29/08/2016 11:07:43.084] [INFO] {Model.TerminalWrapper.printScreenContent() 155} [main] - [
                                                              Terminal: T6226436
         /////////                /////////////               Hora....: 11:07:41
        ///    ///                    ///                     Data....: 29/08/16
       ///    ///                    ///                  ***       ***         
      /////////      /////////      ///                 ****      ****          
     ///    ///     ///    //      ///               ******     *****           
    ///    ///     ///            ///                 ****   **  ***            
   /////////      ///            ///                 ****  *********            
                                                    ****      ****              
                                                   ****      ****               
                                                  ****      ****                
          ACESSO AS APLICACOES ON LINE                                          
                                                                                
          Identifique-se fornecendo:                                            
                                                                                
         1. Matricula...........( TR580524 ) (LOGOFF para sair)                 
         2. Senha...............(          )                                    
         3. Codigo da aplicacao.(          ) (Opcional)                         
                                                                                
 Atencao: Em caso de problemas chame  0800-282-0031  (Service Desk).            
          Qualquer duvida, por favor, entre em contato.                         
 PF1=HELP                                                                       
                                                                                
                                                                                

]
[29/08/2016 11:07:43.476] [INFO] {Model.TerminalWrapper.printScreenContent() 155} [main] - [
                                                                                
 TELE CENTRO SUL PARTICIPACOES S/A                        Terminal:    T6226436 
 APLICACOES ON LINE DISPONIVEIS                           Date    :    29/08/16 
                                                          Time    :    11:07:42 
                                                          Usuario :    TR580524 
 NUMERO CODIGO    M1 M2   NAVEG    NOME RESUMIDO                                
     1  AC-SAC             PA1     Atendimento a Cliente                        
     2  CR-SAC             PA1     atendimento a cliente                        
     3  DF-SAC             PA1     Atendimento a Cliente                        
     4  GO-SAC             PA1     Atendimento a Cliente                        
     5  MS-SAC             PA1     Atendimento a Cliente                        
     6  MT-SAC             PA1     Atendimento a Cliente                        
     7  PR-SAC             PA1     Atendimento a Cliente                        
     8  RO-SAC             PA1     Atendimento a Cliente                        
     9  RS-SAC             PA1     Atendimento a Cliente                        
    10  SC-SAC             PA1     Atendimento a Cliente                        
                                                                                
                                                                                
 Informe NUMERO ou CODIGO:( _________________ )                                 
 Para finalizar digite LOGOFF                                                   
                                                                                
 PF1=Help   PF7=Pagina anterior   PF8=Proxima pagina                            
                                                                                
                                                                                

]
[29/08/2016 11:07:43.476] [INFO] {Model.TerminalWrapper.printScreenContent() 155} [main] - [
                                                                                
 TELE CENTRO SUL PARTICIPACOES S/A                        Terminal:    T6226436 
 APLICACOES ON LINE DISPONIVEIS                           Date    :    29/08/16 
                                                          Time    :    11:07:42 
                                                          Usuario :    TR580524 
 NUMERO CODIGO    M1 M2   NAVEG    NOME RESUMIDO                                
     1  AC-SAC             PA1     Atendimento a Cliente                        
     2  CR-SAC             PA1     atendimento a cliente                        
     3  DF-SAC             PA1     Atendimento a Cliente                        
     4  GO-SAC             PA1     Atendimento a Cliente                        
     5  MS-SAC             PA1     Atendimento a Cliente                        
     6  MT-SAC             PA1     Atendimento a Cliente                        
     7  PR-SAC             PA1     Atendimento a Cliente                        
     8  RO-SAC             PA1     Atendimento a Cliente                        
     9  RS-SAC             PA1     Atendimento a Cliente                        
    10  SC-SAC             PA1     Atendimento a Cliente                        
                                                                                
                                                                                
 Informe NUMERO ou CODIGO:( 4________________ )                                 
 Para finalizar digite LOGOFF                                                   
                                                                                
 PF1=Help   PF7=Pagina anterior   PF8=Proxima pagina                            
                                                                                
                                                                                

]
[29/08/2016 11:07:43.866] [INFO] {Model.TerminalWrapper.printScreenContent() 155} [main] - [
EMS1334E Dados da aplicacao nao disponivel. Limpe a tela.                       
                                                                                
                                                                                
                                                                                
                                                                                
                                                                                
                                                                                
                                                                                
                                                                                
                                                                                
                                                                                
                                                                                
                                                                                
                                                                                
                                                                                
                                                                                
                                                                                
                                                                                
                                                                                
                                                                                
                                                                                
                                                                                
                                                                                
                                                                                

]
[29/08/2016 11:07:44.241] [INFO] {Model.TerminalWrapper.printScreenContent() 155} [main] - [
                                                                                
  29/08/2016          SAC - SISTEMA DE ATENDIMENTO A CLIENTE                I.G 
 ----------------     ESTATISTICA DA FILA DE EXECUCAO OS/BD     ----------------
  11:07:43            HISTORICO DE BD  44003191  ABERTO                CGS0371A 
 LOCALIDADE-TERMINAL ANS  33112472   CONTRATO 1194038759           OCOR 1  / 1  
 CLIENTE CLEIDIA MARTINS DE SOUSA                              CLIENTE-VIP NAO  
 SIT 2 CAT 11 USO R   PRI C TIPO 0 TR-CHV                CATEG CATFRA MANTEN 001
 BUSCA             ESTACAO BMA  CAT-LP    INF-TRANS        VEL-TRANS            
 DATA/HORA SOLICITACAO 28082016 2307  PERIODO   30082016 1200 CLIENTE-AVISADO   
 APRAZADO S   PROMESSA 30082016 1200  ENCERRADO                     INDICADOR N 
 STATUS-TERMINAL RE                                   OPERADORA                 
 CLASSE INICIAL              N-INICIAL                EMPREITEIRA               
 ORIGEM USUARIO                DATA/HORA MUDANCA ORIGEM                         
 REPARO-SOLICITADO SEM CONECTIVIDADE                        - 1 1 10 1 ADSL     
 RESULTADO EXAME 1                                          -                   
 RESULTADO EXAME 2                                          -                   
 REPARO-EFETUADO                                            - 1                 
 SUBSEQUENTE:      EX: RESIST. A-B:        CAPACIT. A-B:        TENSAO A-B:     
 ARM 28    CAUSA-COMUM                EMPREITEIRA 0026 GERENCIA-EMPREITEIRA NAO 
 DESPACHADO               BAIXA               IRLA           SOLIC              
 OBS                                                                            
 ---------------------------------------------------------------------- TR580524
                      PF1---PF2---PF3---PF4---PF5---PF6---PF7---PF8---PF9---PF10
 CMD ________________ HELP  MENU  VOLTA       OBS   DEF   CONEX ENC   APRAZ FIM 

]
[29/08/2016 11:07:44.646] [INFO] {Model.TerminalWrapper.printScreenContent() 155} [main] - [
                                                                                
 TELE CENTRO SUL PARTICIPACOES S/A                        Terminal:    T6226436 
 APLICACOES ON LINE DISPONIVEIS                           Date    :    29/08/16 
                                                          Time    :    11:07:43 
                                                          Usuario :    TR580524 
 NUMERO CODIGO    M1 M2   NAVEG    NOME RESUMIDO                                
     1  AC-SAC             PA1     Atendimento a Cliente                        
     2  CR-SAC             PA1     atendimento a cliente                        
     3  DF-SAC             PA1     Atendimento a Cliente                        
     4  GO-SAC             PA1     Atendimento a Cliente                        
     5  MS-SAC             PA1     Atendimento a Cliente                        
     6  MT-SAC             PA1     Atendimento a Cliente                        
     7  PR-SAC             PA1     Atendimento a Cliente                        
     8  RO-SAC             PA1     Atendimento a Cliente                        
     9  RS-SAC             PA1     Atendimento a Cliente                        
    10  SC-SAC             PA1     Atendimento a Cliente                        
                                                                                
                                                                                
 Informe NUMERO ou CODIGO:( _________________ )                                 
 Para finalizar digite LOGOFF                                                   
                                                                                
 PF1=Help   PF7=Pagina anterior   PF8=Proxima pagina                            
                                                                                
                                                                                

]
[29/08/2016 11:07:44.646] [INFO] {Model.TerminalWrapper.printScreenContent() 155} [main] - [
                                                                                
 TELE CENTRO SUL PARTICIPACOES S/A                        Terminal:    T6226436 
 APLICACOES ON LINE DISPONIVEIS                           Date    :    29/08/16 
                                                          Time    :    11:07:43 
                                                          Usuario :    TR580524 
 NUMERO CODIGO    M1 M2   NAVEG    NOME RESUMIDO                                
     1  AC-SAC             PA1     Atendimento a Cliente                        
     2  CR-SAC             PA1     atendimento a cliente                        
     3  DF-SAC             PA1     Atendimento a Cliente                        
     4  GO-SAC             PA1     Atendimento a Cliente                        
     5  MS-SAC             PA1     Atendimento a Cliente                        
     6  MT-SAC             PA1     Atendimento a Cliente                        
     7  PR-SAC             PA1     Atendimento a Cliente                        
     8  RO-SAC             PA1     Atendimento a Cliente                        
     9  RS-SAC             PA1     Atendimento a Cliente                        
    10  SC-SAC             PA1     Atendimento a Cliente                        
                                                                                
                                                                                
 Informe NUMERO ou CODIGO:( 4________________ )                                 
 Para finalizar digite LOGOFF                                                   
                                                                                
 PF1=Help   PF7=Pagina anterior   PF8=Proxima pagina                            
                                                                                
                                                                                

]
[29/08/2016 11:07:45.130] [INFO] {Model.TerminalWrapper.printScreenContent() 155} [main] - [
                                                                                
  29/08/2016          SAC - SISTEMA DE ATENDIMENTO A CLIENTE                  0 
 ----------------                MENU PRINCIPAL                 ----------------
  11:07:44                         FILIAL GO                           CG00000A 
                                                                                
                      A = ATENDIMENTO AO CLIENTE                                
                      B = TELEFONIA CONVENCIONAL                                
                      C = COMUNICACAO DE DADOS                                  
                      D = TELEFONE DE USO PUBLICO                               
                      H = SERVICOS DE TERCEIROS                                 
                      I = FILAS DE TRABALHO                                     
                      J = RELATORIOS                                            
                      K = GERENCIA DE FACILIDADE DE REDE                        
                      L = INDICADOR DESEMPENHO OPERACIONAL                      
                      9 = ADMINISTRACAO DO SISTEMA                              
                                                                                
                                                                                
                                                                                
                                                                                
                                                                                
                                                                                
 ---------------------------------------------------------------------- TR580524
 OPCAO _              PF1---PF2---PF3---PF4---PF5---PF6---PF7---PF8---PF9---PF10
 CMD ________________ HELP  MENU  VOLTA                                     FIM 

]
[29/08/2016 11:07:45.161] [INFO] {Model.TerminalWrapper.printScreenContent() 155} [main] - [
                                                                                
  29/08/2016          SAC - SISTEMA DE ATENDIMENTO A CLIENTE                  0 
 ----------------                MENU PRINCIPAL                 ----------------
  11:07:44                         FILIAL GO                           CG00000A 
                                                                                
                      A = ATENDIMENTO AO CLIENTE                                
                      B = TELEFONIA CONVENCIONAL                                
                      C = COMUNICACAO DE DADOS                                  
                      D = TELEFONE DE USO PUBLICO                               
                      H = SERVICOS DE TERCEIROS                                 
                      I = FILAS DE TRABALHO                                     
                      J = RELATORIOS                                            
                      K = GERENCIA DE FACILIDADE DE REDE                        
                      L = INDICADOR DESEMPENHO OPERACIONAL                      
                      9 = ADMINISTRACAO DO SISTEMA                              
                                                                                
                                                                                
                                                                                
                                                                                
                                                                                
                                                                                
 ---------------------------------------------------------------------- TR580524
 OPCAO _              PF1---PF2---PF3---PF4---PF5---PF6---PF7---PF8---PF9---PF10
 CMD IG______________ HELP  MENU  VOLTA                                     FIM 

]
[29/08/2016 11:07:45.660] [INFO] {Model.TerminalWrapper.printScreenContent() 155} [main] - [
                                                                                
  29/08/2016          SAC - SISTEMA DE ATENDIMENTO A CLIENTE                I.G 
 ----------------     ESTATISTICA DA FILA DE EXECUCAO OS/BD     ----------------
  11:07:44                                                             CGIG000A 
                                                                                
                                    TOTAL DE DOCUMENTOS ABERTOS                 
                                                                                
                                    SERVICO             REPAROS                 
                                                                                
    0026 TELEGOIAS BRASIL TEL        21.091               1.922                 
                                                                                
                                                                                
                                                                                
       DETALHA POR ===> EMPREITEIRA ( _ )   EMPREITEIRA E CR/ESTACAO ( _ )      
                                                                                
                                                                                
                                                                                
                                                                                
                                                                                
                                                                                
                                                                                
 ---------------------------------------------------------------------- TR580524
                      PF1---PF2---PF3---PF4---PF5---PF6---PF7---PF8---PF9---PF10
 CMD ________________ HELP  MENU  VOLTA                                     FIM 

]
[29/08/2016 11:07:45.660] [INFO] {Model.TerminalWrapper.printScreenContent() 155} [main] - [
                                                                                
  29/08/2016          SAC - SISTEMA DE ATENDIMENTO A CLIENTE                I.G 
 ----------------     ESTATISTICA DA FILA DE EXECUCAO OS/BD     ----------------
  11:07:44                                                             CGIG000A 
                                                                                
                                    TOTAL DE DOCUMENTOS ABERTOS                 
                                                                                
                                    SERVICO             REPAROS                 
                                                                                
    0026 TELEGOIAS BRASIL TEL        21.091               1.922                 
                                                                                
                                                                                
                                                                                
       DETALHA POR ===> EMPREITEIRA ( x )   EMPREITEIRA E CR/ESTACAO ( _ )      
                                                                                
                                                                                
                                                                                
                                                                                
                                                                                
                                                                                
                                                                                
 ---------------------------------------------------------------------- TR580524
                      PF1---PF2---PF3---PF4---PF5---PF6---PF7---PF8---PF9---PF10
 CMD ________________ HELP  MENU  VOLTA                                     FIM 

]
[29/08/2016 11:07:46.066] [INFO] {Model.TerminalWrapper.printScreenContent() 155} [main] - [
                                                                                
  29/08/2016          SAC - SISTEMA DE ATENDIMENTO A CLIENTE                I.G 
 ----------------     ESTATISTICA DA FILA DE EXECUCAO OS/BD     ----------------
  11:07:44                DETALHAMENTO POR EMPREITEIRAS                CGIG001A 
                                         ---- DOCUMENTOS  ABERTOS ----          
                      OPC   EMPREITEIRA   SERVICOS             REPAROS          
                     ( _ )      0026        15.186                 145          
                     ( _ )      0027             1                              
                     ( _ )      0029         4.306               1.463          
                     ( _ )      0034           425                 288          
                     ( _ )      0050           973                  24          
                     ( _ )      0051           200                   2          
                                                                                
                                                                                
                                                                                
                                                                                
                                                                                
                                                                                
                                                                                
                                                                                
           0026 TELEGOIAS BRASIL TEL        21.091               1.922          
 ---------------------------------------------------------------------- TR580524
                      PF1---PF2---PF3---PF4---PF5---PF6---PF7---PF8---PF9---PF10
 CMD ________________ HELP  MENU  VOLTA                   -PAG  +PAG        FIM 

]
[29/08/2016 11:07:46.066] [INFO] {Model.TerminalWrapper.printScreenContent() 155} [main] - [
                                                                                
  29/08/2016          SAC - SISTEMA DE ATENDIMENTO A CLIENTE                I.G 
 ----------------     ESTATISTICA DA FILA DE EXECUCAO OS/BD     ----------------
  11:07:44                DETALHAMENTO POR EMPREITEIRAS                CGIG001A 
                                         ---- DOCUMENTOS  ABERTOS ----          
                      OPC   EMPREITEIRA   SERVICOS             REPAROS          
                     ( X )      0026        15.186                 145          
                     ( _ )      0027             1                              
                     ( _ )      0029         4.306               1.463          
                     ( _ )      0034           425                 288          
                     ( _ )      0050           973                  24          
                     ( _ )      0051           200                   2          
                                                                                
                                                                                
                                                                                
                                                                                
                                                                                
                                                                                
                                                                                
                                                                                
           0026 TELEGOIAS BRASIL TEL        21.091               1.922          
 ---------------------------------------------------------------------- TR580524
                      PF1---PF2---PF3---PF4---PF5---PF6---PF7---PF8---PF9---PF10
 CMD ________________ HELP  MENU  VOLTA                   -PAG  +PAG        FIM 

]
[29/08/2016 11:07:46.534] [INFO] {Model.TerminalWrapper.printScreenContent() 155} [main] - [
                                                                                
  29/08/2016          SAC - SISTEMA DE ATENDIMENTO A CLIENTE                I.G 
 ----------------     ESTATISTICA DA FILA DE EXECUCAO OS/BD     ----------------
  11:07:45                                                             CGIG001B 
  EMPREITEIRA 0026   PESQUISA => DATA/HORA PROMESSA 29 08 2016 11  UNIDADE __   
                                                                                
    DESCRICAO SERVICOS             TOT DOC ABERTOS           TOT DA PESQUISA    
    INSTALACAO/REINSTALACAO         ( _ )     5.935          ( _ )       158    
    RETINSMUD                       ( _ )       990          ( _ )        29    
    RETINSMUDSUB                    ( _ )         5                             
    RETINSMUDNUM                    ( _ )       666          ( _ )        24    
    SUBNUM                          ( _ )        17                             
    RETIRADA                        ( _ )       627          ( _ )       115    
    SERVICOS DIVERSOS               ( _ )     6.944          ( _ )       547    
    SERVICOS ORCAMENTO              ( _ )         3                             
    TODOS OS MACRO SERVICOS         ( _ )    15.187          ( _ )       873    
                                                                                
    REPAROS                         ( _ )       145                             
                                                                                
    TODOS MACROS/REPAROS            ( _ )    15.332          ( _ )       873    
                                                                                
 ---------------------------------------------------------------------- TR580524
 OPCAO                PF1---PF2---PF3---PF4---PF5---PF6---PF7---PF8---PF9---PF10
 CMD ________________ HELP  MENU  VOLTA                                     FIM 

]
[29/08/2016 11:07:46.534] [INFO] {Model.TerminalWrapper.printScreenContent() 155} [main] - [
                                                                                
  29/08/2016          SAC - SISTEMA DE ATENDIMENTO A CLIENTE                I.G 
 ----------------     ESTATISTICA DA FILA DE EXECUCAO OS/BD     ----------------
  11:07:45                                                             CGIG001B 
  EMPREITEIRA 0026   PESQUISA => DATA/HORA PROMESSA 29 08 2016 11  UNIDADE __   
                                                                                
    DESCRICAO SERVICOS             TOT DOC ABERTOS           TOT DA PESQUISA    
    INSTALACAO/REINSTALACAO         ( _ )     5.935          ( _ )       158    
    RETINSMUD                       ( _ )       990          ( _ )        29    
    RETINSMUDSUB                    ( _ )         5                             
    RETINSMUDNUM                    ( _ )       666          ( _ )        24    
    SUBNUM                          ( _ )        17                             
    RETIRADA                        ( _ )       627          ( _ )       115    
    SERVICOS DIVERSOS               ( _ )     6.944          ( _ )       547    
    SERVICOS ORCAMENTO              ( _ )         3                             
    TODOS OS MACRO SERVICOS         ( _ )    15.187          ( _ )       873    
                                                                                
    REPAROS                         ( x )       145                             
                                                                                
    TODOS MACROS/REPAROS            ( _ )    15.332          ( _ )       873    
                                                                                
 ---------------------------------------------------------------------- TR580524
 OPCAO                PF1---PF2---PF3---PF4---PF5---PF6---PF7---PF8---PF9---PF10
 CMD ________________ HELP  MENU  VOLTA                                     FIM 

]
[29/08/2016 11:07:46.924] [INFO] {Model.TerminalWrapper.printScreenContent() 155} [main] - [
                                                                                
  29/08/2016          SAC - SISTEMA DE ATENDIMENTO A CLIENTE                I.G 
 ----------------     ESTATISTICA DA FILA DE EXECUCAO OS/BD     ----------------
  11:07:45                  0026 TELEGOIAS BRASIL TEL                  CGS1310A 
  EMPREITEIRA 0026 DESCRICAO REPAROS                   TOTAL DOCUMENTOS     145 
   QTDE/UNID/O  QTDE/UNID/O  QTDE/UNID/O  QTDE/UNID/O  QTDE/UNID/O  QTDE/UNID/O 
       23 DE _       1 EV _      14 QF _      18 QR _      86 RF _       1 TB _ 
        2 TP _                                                                  
                                                                                
                                                                                
                                                                                
                                                                                
                                                                                
                                                                                
                                                                                
                                                                                
                                                                                
                                                                                
                                                                                
                                                                                
                                                                                
 ---------------------------------------------------------------------- TR580524
                      PF1---PF2---PF3---PF4---PF5---PF6---PF7---PF8---PF9---PF10
 CMD ________________ HELP  MENU  VOLTA                                     FIM 

]
[29/08/2016 11:07:46.924] [INFO] {Model.TerminalWrapper.printScreenContent() 155} [main] - [
                                                                                
  29/08/2016          SAC - SISTEMA DE ATENDIMENTO A CLIENTE                I.G 
 ----------------     ESTATISTICA DA FILA DE EXECUCAO OS/BD     ----------------
  11:07:45                  0026 TELEGOIAS BRASIL TEL                  CGS1310A 
  EMPREITEIRA 0026 DESCRICAO REPAROS                   TOTAL DOCUMENTOS     145 
   QTDE/UNID/O  QTDE/UNID/O  QTDE/UNID/O  QTDE/UNID/O  QTDE/UNID/O  QTDE/UNID/O 
       23 DE _       1 EV _      14 QF _      18 QR _      86 RF x       1 TB _ 
        2 TP _                                                                  
                                                                                
                                                                                
                                                                                
                                                                                
                                                                                
                                                                                
                                                                                
                                                                                
                                                                                
                                                                                
                                                                                
                                                                                
                                                                                
 ---------------------------------------------------------------------- TR580524
                      PF1---PF2---PF3---PF4---PF5---PF6---PF7---PF8---PF9---PF10
 CMD ________________ HELP  MENU  VOLTA                                     FIM 

]
[29/08/2016 11:07:47.314] [INFO] {Model.TerminalWrapper.printScreenContent() 155} [main] - [
                                                                                
  29/08/2016          SAC - SISTEMA DE ATENDIMENTO A CLIENTE                I.G 
 ----------------     ESTATISTICA DA FILA DE EXECUCAO OS/BD     ----------------
  11:07:46                                                             CGS1310B 
  EMPREITEIRA 0026  MACRO REPAROS                                 TOTAL      86 
                    UNIDADE RF = DESIGNACAO FACILIDADE PORTA ADSL               
  O LOC-TEL-DE     LOC-TEL-PA   CMR  ARM. D D/H ABERTURA  D/H PROMESSA   TEMPO  
  _ ANS 33112472                ADSL 28     28082016 2307 30082016 1200    11:59
  _ GNA 32551713                ADSL ***    28082016 2315 31082016 2359    11:51
  _ IDR 35471008                ADSL C1     28082016 2323 30082016 1200    11:43
  _ GNE 33538603                ADSL 11     29082016 0736 30082016 0736     3:31
  _ RVD 36021705                ADSL 32     29082016 0738 30082016 0738     3:29
  _ PMJ 32133023                ADSL 11     29082016 0758 30082016 0758     3:09
  _ GNA 32991953                ADSL 28     29082016 0819 30082016 0819     2:48
  _ SZG 33396743                ADSL 11     29082016 0823 30082016 0823     2:44
  _ GNA 32082465                ADSL 26     29082016 0824 30082016 0824     2:43
  _ TNS 34713602                ADSL C8     29082016 0825 30082016 0825     2:42
  _ DRE 33581271                ADSL C2     29082016 0825 30082016 1200     2:42
  _ ARN 34125517                ADSL 13     29082016 0825 30082016 0825     2:42
  _ MCS 33701135                ADSL 21     29082016 0829 30082016 0829     2:38
  _ QNP 36152308                ADSL C1     29082016 0831 30082016 0831     2:36
 ---------------------------------------------------------------------- TR580524
                      PF1---PF2---PF3---PF4---PF5---PF6---PF7---PF8---PF9---PF10
 CMD ________________ HELP  MENU  VOLTA       INIC              +PAG        FIM 

]
[29/08/2016 11:07:47.314] [INFO] {Model.TerminalWrapper.printScreenContent() 155} [main] - [
                                                                                
  29/08/2016          SAC - SISTEMA DE ATENDIMENTO A CLIENTE                I.G 
 ----------------     ESTATISTICA DA FILA DE EXECUCAO OS/BD     ----------------
  11:07:46                                                             CGS1310B 
  EMPREITEIRA 0026  MACRO REPAROS                                 TOTAL      86 
                    UNIDADE RF = DESIGNACAO FACILIDADE PORTA ADSL               
  O LOC-TEL-DE     LOC-TEL-PA   CMR  ARM. D D/H ABERTURA  D/H PROMESSA   TEMPO  
  X ANS 33112472                ADSL 28     28082016 2307 30082016 1200    11:59
  _ GNA 32551713                ADSL ***    28082016 2315 31082016 2359    11:51
  _ IDR 35471008                ADSL C1     28082016 2323 30082016 1200    11:43
  _ GNE 33538603                ADSL 11     29082016 0736 30082016 0736     3:31
  _ RVD 36021705                ADSL 32     29082016 0738 30082016 0738     3:29
  _ PMJ 32133023                ADSL 11     29082016 0758 30082016 0758     3:09
  _ GNA 32991953                ADSL 28     29082016 0819 30082016 0819     2:48
  _ SZG 33396743                ADSL 11     29082016 0823 30082016 0823     2:44
  _ GNA 32082465                ADSL 26     29082016 0824 30082016 0824     2:43
  _ TNS 34713602                ADSL C8     29082016 0825 30082016 0825     2:42
  _ DRE 33581271                ADSL C2     29082016 0825 30082016 1200     2:42
  _ ARN 34125517                ADSL 13     29082016 0825 30082016 0825     2:42
  _ MCS 33701135                ADSL 21     29082016 0829 30082016 0829     2:38
  _ QNP 36152308                ADSL C1     29082016 0831 30082016 0831     2:36
 ---------------------------------------------------------------------- TR580524
                      PF1---PF2---PF3---PF4---PF5---PF6---PF7---PF8---PF9---PF10
 CMD ________________ HELP  MENU  VOLTA       INIC              +PAG        FIM 

]
[29/08/2016 11:07:47.735] [INFO] {Model.TerminalWrapper.printScreenContent() 155} [main] - [
                                                                                
  29/08/2016          SAC - SISTEMA DE ATENDIMENTO A CLIENTE                I.G 
 ----------------     ESTATISTICA DA FILA DE EXECUCAO OS/BD     ----------------
  11:07:46            HISTORICO DE BD  44003191  ABERTO                CGS0371A 
 LOCALIDADE-TERMINAL ANS  33112472   CONTRATO 1194038759           OCOR 1  / 1  
 CLIENTE CLEIDIA MARTINS DE SOUSA                              CLIENTE-VIP NAO  
 SIT 2 CAT 11 USO R   PRI C TIPO 0 TR-CHV                CATEG CATFRA MANTEN 001
 BUSCA             ESTACAO BMA  CAT-LP    INF-TRANS        VEL-TRANS            
 DATA/HORA SOLICITACAO 28082016 2307  PERIODO   30082016 1200 CLIENTE-AVISADO   
 APRAZADO S   PROMESSA 30082016 1200  ENCERRADO                     INDICADOR N 
 STATUS-TERMINAL RE                                   OPERADORA                 
 CLASSE INICIAL              N-INICIAL                EMPREITEIRA               
 ORIGEM USUARIO                DATA/HORA MUDANCA ORIGEM                         
 REPARO-SOLICITADO SEM CONECTIVIDADE                        - 1 1 10 1 ADSL     
 RESULTADO EXAME 1                                          -                   
 RESULTADO EXAME 2                                          -                   
 REPARO-EFETUADO                                            - 1                 
 SUBSEQUENTE:      EX: RESIST. A-B:        CAPACIT. A-B:        TENSAO A-B:     
 ARM 28    CAUSA-COMUM                EMPREITEIRA 0026 GERENCIA-EMPREITEIRA NAO 
 DESPACHADO               BAIXA               IRLA           SOLIC              
 OBS                                                                            
 ---------------------------------------------------------------------- TR580524
                      PF1---PF2---PF3---PF4---PF5---PF6---PF7---PF8---PF9---PF10
 CMD ________________ HELP  MENU  VOLTA       OBS   DEF   CONEX ENC   APRAZ FIM 

]
[29/08/2016 11:07:48.141] [INFO] {Model.TerminalWrapper.printScreenContent() 155} [main] - [
                                                                                
  29/08/2016          SAC - SISTEMA DE ATENDIMENTO A CLIENTE                I.G 
 ----------------     ESTATISTICA DA FILA DE EXECUCAO OS/BD     ----------------
  11:07:46            HISTORICO DE BD  44003191  ABERTO                CGS0371A 
 LOCALIDADE-TERMINAL ANS  33112472   CONTRATO 1194038759           OCOR 1  / 1  
 CLIENTE CLEIDIA MARTINS DE SOUSA                              CLIENTE-VIP NAO  
 SIT 2 CAT 11 USO R   PRI C TIPO 0 TR-CHV                CATEG CATFRA MANTEN 001
 BUSCA             ESTACAO BMA  CAT-LP    INF-TRANS        VEL-TRANS            
 DATA/HORA SOLICITAC                                                   VISADO   
 APRAZADO S   PROMES                                                   ICADOR N 
 STATUS-TERMINAL RE             << INICIA PELA >>                               
 CLASSE INICIAL                                                                 
 ORIGEM USUARIO                 OBSERVACAO ASSINANTE  _                         
 REPARO-SOLICITADO S                                                   ADSL     
 RESULTADO EXAME 1              OBSERVACAO UNIDADE    _                         
 RESULTADO EXAME 2                                                              
 REPARO-EFETUADO                ENTREVISTA            _                         
 SUBSEQUENTE:      E                                                   A-B:     
 ARM 28    CAUSA-COM                                                   EIRA NAO 
 DESPACHADO                CLIENTE CIENTE TAXA VISITA ( NAO )                   
 OBS                       CLIENTE SOLICITA CREDITO   ( NAO )                   
 -------------------                                                    TR580524
                       PF3 = RETORNA                                   F9---PF10
 CMD _______________                                                   PRAZ FIM 

]
[29/08/2016 11:07:48.141] [INFO] {Model.TerminalWrapper.printScreenContent() 155} [main] - [
                                                                                
  29/08/2016          SAC - SISTEMA DE ATENDIMENTO A CLIENTE                I.G 
 ----------------     ESTATISTICA DA FILA DE EXECUCAO OS/BD     ----------------
  11:07:46            HISTORICO DE BD  44003191  ABERTO                CGS0371A 
 LOCALIDADE-TERMINAL ANS  33112472   CONTRATO 1194038759           OCOR 1  / 1  
 CLIENTE CLEIDIA MARTINS DE SOUSA                              CLIENTE-VIP NAO  
 SIT 2 CAT 11 USO R   PRI C TIPO 0 TR-CHV                CATEG CATFRA MANTEN 001
 BUSCA             ESTACAO BMA  CAT-LP    INF-TRANS        VEL-TRANS            
 DATA/HORA SOLICITAC                                                   VISADO   
 APRAZADO S   PROMES                                                   ICADOR N 
 STATUS-TERMINAL RE             << INICIA PELA >>                               
 CLASSE INICIAL                                                                 
 ORIGEM USUARIO                 OBSERVACAO ASSINANTE  x                         
 REPARO-SOLICITADO S                                                   ADSL     
 RESULTADO EXAME 1              OBSERVACAO UNIDADE    _                         
 RESULTADO EXAME 2                                                              
 REPARO-EFETUADO                ENTREVISTA            _                         
 SUBSEQUENTE:      E                                                   A-B:     
 ARM 28    CAUSA-COM                                                   EIRA NAO 
 DESPACHADO                CLIENTE CIENTE TAXA VISITA ( NAO )                   
 OBS                       CLIENTE SOLICITA CREDITO   ( NAO )                   
 -------------------                                                    TR580524
                       PF3 = RETORNA                                   F9---PF10
 CMD _______________                                                   PRAZ FIM 

]
[29/08/2016 11:07:48.546] [INFO] {Model.TerminalWrapper.printScreenContent() 155} [main] - [
                                                                                
  2                                                                             
 --                                                                             
  1                       << OBSERVACAO ASSINANTE >>                            
 LO                                                                             
 CL    CLIENTE SEM ADSL, QUANDO FUCIONA APRESENTA LENTIDãO, CLIENTE USA SERVI   
 SI    çO PARA ESTUDOS PRECISA URGENTE                                          
 BU                                                                             
 DA                                                                             
 AP                                                                             
 ST                                                                             
 CL                                                                             
 OR                                                                             
 RE                                                                             
 RE                                                                             
 RE                                                                             
 RE                                                                             
 SU                                                                             
 AR                                                                             
 DE                                                                             
 OB   PF3= RETORNA  PF8= OBS UNID.  PF9= ENTREV                                 
 --                                                                             
                       PF3 = RETORNA                                   F9---PF10
 CMD _______________                                                   PRAZ FIM 

]
