[29/08/2016 10:49:38.915] [INFO] {Model.TerminalWrapper.printScreenContent() 155} [main] - [
                                                              Terminal: T6226239
         /////////                /////////////               Hora....: 10:49:37
        ///    ///                    ///                     Data....: 29/08/16
       ///    ///                    ///                  ***       ***         
      /////////      /////////      ///                 ****      ****          
     ///    ///     ///    //      ///               ******     *****           
    ///    ///     ///            ///                 ****   **  ***            
   /////////      ///            ///                 ****  *********            
                                                    ****      ****              
                                                   ****      ****               
                                                  ****      ****                
          ACESSO AS APLICACOES ON LINE                                          
                                                                                
          Identifique-se fornecendo:                                            
                                                                                
         1. Matricula...........(          ) (LOGOFF para sair)                 
         2. Senha...............(          )                                    
         3. Codigo da aplicacao.(          ) (Opcional)                         
                                                                                
 Atencao: Em caso de problemas chame  0800-282-0031  (Service Desk).            
          Qualquer duvida, por favor, entre em contato.                         
 PF1=HELP                                                                       
                                                                                
                                                                                

]
[29/08/2016 10:49:39.040] [INFO] {Model.TerminalWrapper.printScreenContent() 155} [main] - [
                                                              Terminal: T6226239
         /////////                /////////////               Hora....: 10:49:37
        ///    ///                    ///                     Data....: 29/08/16
       ///    ///                    ///                  ***       ***         
      /////////      /////////      ///                 ****      ****          
     ///    ///     ///    //      ///               ******     *****           
    ///    ///     ///            ///                 ****   **  ***            
   /////////      ///            ///                 ****  *********            
                                                    ****      ****              
                                                   ****      ****               
                                                  ****      ****                
          ACESSO AS APLICACOES ON LINE                                          
                                                                                
          Identifique-se fornecendo:                                            
                                                                                
         1. Matricula...........( TR580524 ) (LOGOFF para sair)                 
         2. Senha...............(          )                                    
         3. Codigo da aplicacao.(          ) (Opcional)                         
                                                                                
 Atencao: Em caso de problemas chame  0800-282-0031  (Service Desk).            
          Qualquer duvida, por favor, entre em contato.                         
 PF1=HELP                                                                       
                                                                                
                                                                                

]
[29/08/2016 10:49:39.477] [INFO] {Model.TerminalWrapper.printScreenContent() 155} [main] - [
                                                                                
 TELE CENTRO SUL PARTICIPACOES S/A                        Terminal:    T6226239 
 APLICACOES ON LINE DISPONIVEIS                           Date    :    29/08/16 
                                                          Time    :    10:49:38 
                                                          Usuario :    TR580524 
 NUMERO CODIGO    M1 M2   NAVEG    NOME RESUMIDO                                
     1  AC-SAC             PA1     Atendimento a Cliente                        
     2  CR-SAC             PA1     atendimento a cliente                        
     3  DF-SAC             PA1     Atendimento a Cliente                        
     4  GO-SAC             PA1     Atendimento a Cliente                        
     5  MS-SAC             PA1     Atendimento a Cliente                        
     6  MT-SAC             PA1     Atendimento a Cliente                        
     7  PR-SAC             PA1     Atendimento a Cliente                        
     8  RO-SAC             PA1     Atendimento a Cliente                        
     9  RS-SAC             PA1     Atendimento a Cliente                        
    10  SC-SAC             PA1     Atendimento a Cliente                        
                                                                                
                                                                                
 Informe NUMERO ou CODIGO:( _________________ )                                 
 Para finalizar digite LOGOFF                                                   
                                                                                
 PF1=Help   PF7=Pagina anterior   PF8=Proxima pagina                            
                                                                                
                                                                                

]
[29/08/2016 10:49:50.969] [INFO] {Model.TerminalWrapper.printScreenContent() 155} [main] - [
                                                                                
 TELE CENTRO SUL PARTICIPACOES S/A                        Terminal:    T6226239 
 APLICACOES ON LINE DISPONIVEIS                           Date    :    29/08/16 
                                                          Time    :    10:49:38 
                                                          Usuario :    TR580524 
 NUMERO CODIGO    M1 M2   NAVEG    NOME RESUMIDO                                
     1  AC-SAC             PA1     Atendimento a Cliente                        
     2  CR-SAC             PA1     atendimento a cliente                        
     3  DF-SAC             PA1     Atendimento a Cliente                        
     4  GO-SAC             PA1     Atendimento a Cliente                        
     5  MS-SAC             PA1     Atendimento a Cliente                        
     6  MT-SAC             PA1     Atendimento a Cliente                        
     7  PR-SAC             PA1     Atendimento a Cliente                        
     8  RO-SAC             PA1     Atendimento a Cliente                        
     9  RS-SAC             PA1     Atendimento a Cliente                        
    10  SC-SAC             PA1     Atendimento a Cliente                        
                                                                                
                                                                                
 Informe NUMERO ou CODIGO:( 4________________ )                                 
 Para finalizar digite LOGOFF                                                   
                                                                                
 PF1=Help   PF7=Pagina anterior   PF8=Proxima pagina                            
                                                                                
                                                                                

]
[29/08/2016 10:49:51.581] [INFO] {Model.TerminalWrapper.printScreenContent() 155} [main] - [
                                                                                
  29/08/2016          SAC - SISTEMA DE ATENDIMENTO A CLIENTE                  0 
 ----------------                MENU PRINCIPAL                 ----------------
  10:49:50                         FILIAL GO                           CG00000A 
                                                                                
                      A = ATENDIMENTO AO CLIENTE                                
                      B = TELEFONIA CONVENCIONAL                                
                      C = COMUNICACAO DE DADOS                                  
                      D = TELEFONE DE USO PUBLICO                               
                      H = SERVICOS DE TERCEIROS                                 
                      I = FILAS DE TRABALHO                                     
                      J = RELATORIOS                                            
                      K = GERENCIA DE FACILIDADE DE REDE                        
                      L = INDICADOR DESEMPENHO OPERACIONAL                      
                      9 = ADMINISTRACAO DO SISTEMA                              
                                                                                
                                                                                
                                                                                
                                                                                
                                                                                
                                                                                
 ---------------------------------------------------------------------- TR580524
 OPCAO _              PF1---PF2---PF3---PF4---PF5---PF6---PF7---PF8---PF9---PF10
 CMD ________________ HELP  MENU  VOLTA                                     FIM 

]
[29/08/2016 10:49:55.378] [INFO] {Model.TerminalWrapper.printScreenContent() 155} [main] - [
                                                                                
  29/08/2016          SAC - SISTEMA DE ATENDIMENTO A CLIENTE                  0 
 ----------------                MENU PRINCIPAL                 ----------------
  10:49:50                         FILIAL GO                           CG00000A 
                                                                                
                      A = ATENDIMENTO AO CLIENTE                                
                      B = TELEFONIA CONVENCIONAL                                
                      C = COMUNICACAO DE DADOS                                  
                      D = TELEFONE DE USO PUBLICO                               
                      H = SERVICOS DE TERCEIROS                                 
                      I = FILAS DE TRABALHO                                     
                      J = RELATORIOS                                            
                      K = GERENCIA DE FACILIDADE DE REDE                        
                      L = INDICADOR DESEMPENHO OPERACIONAL                      
                      9 = ADMINISTRACAO DO SISTEMA                              
                                                                                
                                                                                
                                                                                
                                                                                
                                                                                
                                                                                
 ---------------------------------------------------------------------- TR580524
 OPCAO _              PF1---PF2---PF3---PF4---PF5---PF6---PF7---PF8---PF9---PF10
 CMD IG______________ HELP  MENU  VOLTA                                     FIM 

]
[29/08/2016 10:49:55.882] [INFO] {Model.TerminalWrapper.printScreenContent() 155} [main] - [
                                                                                
  29/08/2016          SAC - SISTEMA DE ATENDIMENTO A CLIENTE                I.G 
 ----------------     ESTATISTICA DA FILA DE EXECUCAO OS/BD     ----------------
  10:49:54                                                             CGIG000A 
                                                                                
                                    TOTAL DE DOCUMENTOS ABERTOS                 
                                                                                
                                    SERVICO             REPAROS                 
                                                                                
    0026 TELEGOIAS BRASIL TEL        21.106               1.896                 
                                                                                
                                                                                
                                                                                
       DETALHA POR ===> EMPREITEIRA ( _ )   EMPREITEIRA E CR/ESTACAO ( _ )      
                                                                                
                                                                                
                                                                                
                                                                                
                                                                                
                                                                                
                                                                                
 ---------------------------------------------------------------------- TR580524
                      PF1---PF2---PF3---PF4---PF5---PF6---PF7---PF8---PF9---PF10
 CMD ________________ HELP  MENU  VOLTA                                     FIM 

]
[29/08/2016 10:49:58.058] [INFO] {Model.TerminalWrapper.printScreenContent() 155} [main] - [
                                                                                
  29/08/2016          SAC - SISTEMA DE ATENDIMENTO A CLIENTE                I.G 
 ----------------     ESTATISTICA DA FILA DE EXECUCAO OS/BD     ----------------
  10:49:54                                                             CGIG000A 
                                                                                
                                    TOTAL DE DOCUMENTOS ABERTOS                 
                                                                                
                                    SERVICO             REPAROS                 
                                                                                
    0026 TELEGOIAS BRASIL TEL        21.106               1.896                 
                                                                                
                                                                                
                                                                                
       DETALHA POR ===> EMPREITEIRA ( x )   EMPREITEIRA E CR/ESTACAO ( _ )      
                                                                                
                                                                                
                                                                                
                                                                                
                                                                                
                                                                                
                                                                                
 ---------------------------------------------------------------------- TR580524
                      PF1---PF2---PF3---PF4---PF5---PF6---PF7---PF8---PF9---PF10
 CMD ________________ HELP  MENU  VOLTA                                     FIM 

]
[29/08/2016 10:49:58.542] [INFO] {Model.TerminalWrapper.printScreenContent() 155} [main] - [
                                                                                
  29/08/2016          SAC - SISTEMA DE ATENDIMENTO A CLIENTE                I.G 
 ----------------     ESTATISTICA DA FILA DE EXECUCAO OS/BD     ----------------
  10:49:57                DETALHAMENTO POR EMPREITEIRAS                CGIG001A 
                                         ---- DOCUMENTOS  ABERTOS ----          
                      OPC   EMPREITEIRA   SERVICOS             REPAROS          
                     ( _ )      0026        15.172                 148          
                     ( _ )      0027             1                              
                     ( _ )      0029         4.318               1.428          
                     ( _ )      0034           420                 296          
                     ( _ )      0050           998                  22          
                     ( _ )      0051           197                   2          
                                                                                
                                                                                
                                                                                
                                                                                
                                                                                
                                                                                
                                                                                
                                                                                
           0026 TELEGOIAS BRASIL TEL        21.106               1.896          
 ---------------------------------------------------------------------- TR580524
                      PF1---PF2---PF3---PF4---PF5---PF6---PF7---PF8---PF9---PF10
 CMD ________________ HELP  MENU  VOLTA                   -PAG  +PAG        FIM 

]
[29/08/2016 10:50:00.726] [INFO] {Model.TerminalWrapper.printScreenContent() 155} [main] - [
                                                                                
  29/08/2016          SAC - SISTEMA DE ATENDIMENTO A CLIENTE                I.G 
 ----------------     ESTATISTICA DA FILA DE EXECUCAO OS/BD     ----------------
  10:49:57                DETALHAMENTO POR EMPREITEIRAS                CGIG001A 
                                         ---- DOCUMENTOS  ABERTOS ----          
                      OPC   EMPREITEIRA   SERVICOS             REPAROS          
                     ( X )      0026        15.172                 148          
                     ( _ )      0027             1                              
                     ( _ )      0029         4.318               1.428          
                     ( _ )      0034           420                 296          
                     ( _ )      0050           998                  22          
                     ( _ )      0051           197                   2          
                                                                                
                                                                                
                                                                                
                                                                                
                                                                                
                                                                                
                                                                                
                                                                                
           0026 TELEGOIAS BRASIL TEL        21.106               1.896          
 ---------------------------------------------------------------------- TR580524
                      PF1---PF2---PF3---PF4---PF5---PF6---PF7---PF8---PF9---PF10
 CMD ________________ HELP  MENU  VOLTA                   -PAG  +PAG        FIM 

]
[29/08/2016 10:50:01.568] [INFO] {Model.TerminalWrapper.printScreenContent() 155} [main] - [
                                                                                
  29/08/2016          SAC - SISTEMA DE ATENDIMENTO A CLIENTE                I.G 
 ----------------     ESTATISTICA DA FILA DE EXECUCAO OS/BD     ----------------
  10:50:00                                                             CGIG001B 
  EMPREITEIRA 0026   PESQUISA => DATA/HORA PROMESSA 29 08 2016 10  UNIDADE __   
                                                                                
    DESCRICAO SERVICOS             TOT DOC ABERTOS           TOT DA PESQUISA    
    INSTALACAO/REINSTALACAO         ( _ )     5.925          ( _ )       155    
    RETINSMUD                       ( _ )       987          ( _ )        29    
    RETINSMUDSUB                    ( _ )         5                             
    RETINSMUDNUM                    ( _ )       668          ( _ )        24    
    SUBNUM                          ( _ )        17                             
    RETIRADA                        ( _ )       623          ( _ )       114    
    SERVICOS DIVERSOS               ( _ )     6.945          ( _ )       552    
    SERVICOS ORCAMENTO              ( _ )         3                             
    TODOS OS MACRO SERVICOS         ( _ )    15.173          ( _ )       874    
                                                                                
    REPAROS                         ( _ )       148                             
                                                                                
    TODOS MACROS/REPAROS            ( _ )    15.321          ( _ )       874    
                                                                                
 ---------------------------------------------------------------------- TR580524
 OPCAO                PF1---PF2---PF3---PF4---PF5---PF6---PF7---PF8---PF9---PF10
 CMD ________________ HELP  MENU  VOLTA                                     FIM 

]
[29/08/2016 10:50:08.463] [INFO] {Model.TerminalWrapper.printScreenContent() 155} [main] - [
                                                                                
  29/08/2016          SAC - SISTEMA DE ATENDIMENTO A CLIENTE                I.G 
 ----------------     ESTATISTICA DA FILA DE EXECUCAO OS/BD     ----------------
  10:50:00                                                             CGIG001B 
  EMPREITEIRA 0026   PESQUISA => DATA/HORA PROMESSA 29 08 2016 10  UNIDADE __   
                                                                                
    DESCRICAO SERVICOS             TOT DOC ABERTOS           TOT DA PESQUISA    
    INSTALACAO/REINSTALACAO         ( _ )     5.925          ( _ )       155    
    RETINSMUD                       ( _ )       987          ( _ )        29    
    RETINSMUDSUB                    ( _ )         5                             
    RETINSMUDNUM                    ( _ )       668          ( _ )        24    
    SUBNUM                          ( _ )        17                             
    RETIRADA                        ( _ )       623          ( _ )       114    
    SERVICOS DIVERSOS               ( _ )     6.945          ( _ )       552    
    SERVICOS ORCAMENTO              ( _ )         3                             
    TODOS OS MACRO SERVICOS         ( _ )    15.173          ( _ )       874    
                                                                                
    REPAROS                         ( x )       148                             
                                                                                
    TODOS MACROS/REPAROS            ( _ )    15.321          ( _ )       874    
                                                                                
 ---------------------------------------------------------------------- TR580524
 OPCAO                PF1---PF2---PF3---PF4---PF5---PF6---PF7---PF8---PF9---PF10
 CMD ________________ HELP  MENU  VOLTA                                     FIM 

]
[29/08/2016 10:50:08.884] [INFO] {Model.TerminalWrapper.printScreenContent() 155} [main] - [
                                                                                
  29/08/2016          SAC - SISTEMA DE ATENDIMENTO A CLIENTE                I.G 
 ----------------     ESTATISTICA DA FILA DE EXECUCAO OS/BD     ----------------
  10:50:07                  0026 TELEGOIAS BRASIL TEL                  CGS1310A 
  EMPREITEIRA 0026 DESCRICAO REPAROS                   TOTAL DOCUMENTOS     148 
   QTDE/UNID/O  QTDE/UNID/O  QTDE/UNID/O  QTDE/UNID/O  QTDE/UNID/O  QTDE/UNID/O 
       23 DE _       1 EV _      14 QF _      17 QR _      90 RF _       1 TB _ 
        2 TP _                                                                  
                                                                                
                                                                                
                                                                                
                                                                                
                                                                                
                                                                                
                                                                                
                                                                                
                                                                                
                                                                                
                                                                                
                                                                                
                                                                                
 ---------------------------------------------------------------------- TR580524
                      PF1---PF2---PF3---PF4---PF5---PF6---PF7---PF8---PF9---PF10
 CMD ________________ HELP  MENU  VOLTA                                     FIM 

]
[29/08/2016 10:50:12.145] [INFO] {Model.TerminalWrapper.printScreenContent() 155} [main] - [
                                                                                
  29/08/2016          SAC - SISTEMA DE ATENDIMENTO A CLIENTE                I.G 
 ----------------     ESTATISTICA DA FILA DE EXECUCAO OS/BD     ----------------
  10:50:07                  0026 TELEGOIAS BRASIL TEL                  CGS1310A 
  EMPREITEIRA 0026 DESCRICAO REPAROS                   TOTAL DOCUMENTOS     148 
   QTDE/UNID/O  QTDE/UNID/O  QTDE/UNID/O  QTDE/UNID/O  QTDE/UNID/O  QTDE/UNID/O 
       23 DE _       1 EV _      14 QF _      17 QR _      90 RF x       1 TB _ 
        2 TP _                                                                  
                                                                                
                                                                                
                                                                                
                                                                                
                                                                                
                                                                                
                                                                                
                                                                                
                                                                                
                                                                                
                                                                                
                                                                                
                                                                                
 ---------------------------------------------------------------------- TR580524
                      PF1---PF2---PF3---PF4---PF5---PF6---PF7---PF8---PF9---PF10
 CMD ________________ HELP  MENU  VOLTA                                     FIM 

]
[29/08/2016 10:50:12.582] [INFO] {Model.TerminalWrapper.printScreenContent() 155} [main] - [
                                                                                
  29/08/2016          SAC - SISTEMA DE ATENDIMENTO A CLIENTE                I.G 
 ----------------     ESTATISTICA DA FILA DE EXECUCAO OS/BD     ----------------
  10:50:11                                                             CGS1310B 
  EMPREITEIRA 0026  MACRO REPAROS                                 TOTAL      90 
                    UNIDADE RF = DESIGNACAO FACILIDADE PORTA ADSL               
  O LOC-TEL-DE     LOC-TEL-PA   CMR  ARM. D D/H ABERTURA  D/H PROMESSA   TEMPO  
  _ ANS 33112472                ADSL 28     28082016 2307 30082016 1200    11:42
  _ GNA 32551713                ADSL ***    28082016 2315 31082016 2359    11:34
  _ IDR 35471008                ADSL C1     28082016 2323 30082016 1200    11:26
  _ GNA 35791075                ADSL 251    29082016 0715 30082016 1200     3:35
  _ GNE 33538603                ADSL 11     29082016 0736 30082016 0736     3:14
  _ RVD 36021705                ADSL 32     29082016 0738 30082016 0738     3:12
  _ PMJ 32133023                ADSL 11     29082016 0758 30082016 0758     2:52
  _ GNA 35373478                ADSL 13     29082016 0813 30082016 0813     2:37
  _ GNA 32991953                ADSL 28     29082016 0819 30082016 0819     2:31
  _ GNA 35882909                ADSL 14     29082016 0822 30082016 0822     2:28
  _ SZG 33396743                ADSL 11     29082016 0823 30082016 0823     2:27
  _ GNA 32082465                ADSL 26     29082016 0824 30082016 0824     2:26
  _ TNS 34713602                ADSL C8     29082016 0825 30082016 0825     2:25
  _ DRE 33581271                ADSL C2     29082016 0825 30082016 1200     2:25
 ---------------------------------------------------------------------- TR580524
                      PF1---PF2---PF3---PF4---PF5---PF6---PF7---PF8---PF9---PF10
 CMD ________________ HELP  MENU  VOLTA       INIC              +PAG        FIM 

]
[29/08/2016 10:50:15.218] [INFO] {Model.TerminalWrapper.printScreenContent() 155} [main] - [
                                                                                
  29/08/2016          SAC - SISTEMA DE ATENDIMENTO A CLIENTE                I.G 
 ----------------     ESTATISTICA DA FILA DE EXECUCAO OS/BD     ----------------
  10:50:11                                                             CGS1310B 
  EMPREITEIRA 0026  MACRO REPAROS                                 TOTAL      90 
                    UNIDADE RF = DESIGNACAO FACILIDADE PORTA ADSL               
  O LOC-TEL-DE     LOC-TEL-PA   CMR  ARM. D D/H ABERTURA  D/H PROMESSA   TEMPO  
  _ ANS 33112472                ADSL 28     28082016 2307 30082016 1200    11:42
  _ GNA 32551713                ADSL ***    28082016 2315 31082016 2359    11:34
  _ IDR 35471008                ADSL C1     28082016 2323 30082016 1200    11:26
  _ GNA 35791075                ADSL 251    29082016 0715 30082016 1200     3:35
  _ GNE 33538603                ADSL 11     29082016 0736 30082016 0736     3:14
  _ RVD 36021705                ADSL 32     29082016 0738 30082016 0738     3:12
  _ PMJ 32133023                ADSL 11     29082016 0758 30082016 0758     2:52
  _ GNA 35373478                ADSL 13     29082016 0813 30082016 0813     2:37
  _ GNA 32991953                ADSL 28     29082016 0819 30082016 0819     2:31
  _ GNA 35882909                ADSL 14     29082016 0822 30082016 0822     2:28
  _ SZG 33396743                ADSL 11     29082016 0823 30082016 0823     2:27
  _ GNA 32082465                ADSL 26     29082016 0824 30082016 0824     2:26
  _ TNS 34713602                ADSL C8     29082016 0825 30082016 0825     2:25
  _ DRE 33581271                ADSL C2     29082016 0825 30082016 1200     2:25
 ---------------------------------------------------------------------- TR580524
                      PF1---PF2---PF3---PF4---PF5---PF6---PF7---PF8---PF9---PF10
 CMD ________________ HELP  MENU  VOLTA       INIC              +PAG        FIM 

]
[29/08/2016 10:50:30.014] [INFO] {Model.TerminalWrapper.printScreenContent() 155} [main] - [
                                                                                
  29/08/2016          SAC - SISTEMA DE ATENDIMENTO A CLIENTE                I.G 
 ----------------     ESTATISTICA DA FILA DE EXECUCAO OS/BD     ----------------
  10:50:11                                                             CGS1310B 
  EMPREITEIRA 0026  MACRO REPAROS                                 TOTAL      90 
                    UNIDADE RF = DESIGNACAO FACILIDADE PORTA ADSL               
  O LOC-TEL-DE     LOC-TEL-PA   CMR  ARM. D D/H ABERTURA  D/H PROMESSA   TEMPO  
  _ ANS 33112472                ADSL 28     28082016 2307 30082016 1200    11:42
  _ GNA 32551713                ADSL ***    28082016 2315 31082016 2359    11:34
  _ IDR 35471008                ADSL C1     28082016 2323 30082016 1200    11:26
  _ GNA 35791075                ADSL 251    29082016 0715 30082016 1200     3:35
  _ GNE 33538603                ADSL 11     29082016 0736 30082016 0736     3:14
  _ RVD 36021705                ADSL 32     29082016 0738 30082016 0738     3:12
  _ PMJ 32133023                ADSL 11     29082016 0758 30082016 0758     2:52
  _ GNA 35373478                ADSL 13     29082016 0813 30082016 0813     2:37
  _ GNA 32991953                ADSL 28     29082016 0819 30082016 0819     2:31
  _ GNA 35882909                ADSL 14     29082016 0822 30082016 0822     2:28
  _ SZG 33396743                ADSL 11     29082016 0823 30082016 0823     2:27
  _ GNA 32082465                ADSL 26     29082016 0824 30082016 0824     2:26
  _ TNS 34713602                ADSL C8     29082016 0825 30082016 0825     2:25
  _ DRE 33581271                ADSL C2     29082016 0825 30082016 1200     2:25
 ---------------------------------------------------------------------- TR580524
                      PF1---PF2---PF3---PF4---PF5---PF6---PF7---PF8---PF9---PF10
 CMD ________________ HELP  MENU  VOLTA       INIC              +PAG        FIM 

]
